<?xml version="1.0" encoding="UTF-8"?>
<!-- Generated by org.testng.reporters.JUnitXMLReporter -->
<testsuite hostname="DESKTOP-TI77SJ7" ignored="0" name="Test" tests="4" failures="0" timestamp="10 Feb 2021 17:26:30 GMT" time="0.065" errors="0">
  <testcase name="tc1" time="0.014" classname="com.test.B"/>
  <testcase name="tc2" time="0.003" classname="com.test.B"/>
  <testcase name="tc3" time="0.002" classname="com.test.B"/>
  <testcase name="tc4" time="0.003" classname="com.test.B"/>
</testsuite> <!-- Test -->
